<?xml version="1.0" encoding="UTF-8"?>
<!-- Generated by org.testng.reporters.JUnitReportReporter -->
<testsuite hostname="LAPTOP-INLFG8G0" failures="0" tests="2" name="com.learnautomation.testcases.LogintestCRM" time="6.719" errors="0" timestamp="2021-07-04T12:26:40 IST" skipped="0">
  <testcase classname="com.learnautomation.testcases.LogintestCRM" name="loginApp" time="6.162"/>
  <system-out/>
  <testcase classname="com.learnautomation.testcases.LogintestCRM" name="loginApp1" time="0.557"/>
  <system-out/>
</testsuite> <!-- com.learnautomation.testcases.LogintestCRM -->
